{"/Users/macbookairm2/Desktop/frontend/my-storybook-app/src/App.tsx": {"path":"/Users/macbookairm2/Desktop/frontend/my-storybook-app/src/App.tsx","statementMap":{"0":{"start":{"line":5,"column":2},"end":{"line":5,"column":null}}},"fnMap":{"0":{"name":"App","decl":{"start":{"line":4,"column":9},"end":{"line":4,"column":15}},"loc":{"start":{"line":4,"column":15},"end":{"line":6,"column":null}},"line":4}},"branchMap":{},"s":{"0":0},"f":{"0":0},"b":{},"meta":{"lastBranch":0,"lastFunction":1,"lastStatement":1,"seen":{"f:4:9:4:15":0,"s:5:2:5:Infinity":0}}}
,"/Users/macbookairm2/Desktop/frontend/my-storybook-app/src/index.css": {"path":"/Users/macbookairm2/Desktop/frontend/my-storybook-app/src/index.css","statementMap":{},"fnMap":{},"branchMap":{},"s":{},"f":{},"b":{},"meta":{"lastBranch":0,"lastFunction":0,"lastStatement":0,"seen":{}}}
,"/Users/macbookairm2/Desktop/frontend/my-storybook-app/src/main.tsx": {"path":"/Users/macbookairm2/Desktop/frontend/my-storybook-app/src/main.tsx","statementMap":{"0":{"start":{"line":12,"column":20},"end":{"line":18,"column":null}},"1":{"start":{"line":20,"column":0},"end":{"line":29,"column":null}}},"fnMap":{},"branchMap":{},"s":{"0":0,"1":0},"f":{},"b":{},"meta":{"lastBranch":0,"lastFunction":0,"lastStatement":2,"seen":{"s:12:20:18:Infinity":0,"s:20:0:29:Infinity":1}}}
,"/Users/macbookairm2/Desktop/frontend/my-storybook-app/src/assets/react.svg": {"path":"/Users/macbookairm2/Desktop/frontend/my-storybook-app/src/assets/react.svg","statementMap":{},"fnMap":{},"branchMap":{},"s":{},"f":{},"b":{},"meta":{"lastBranch":0,"lastFunction":0,"lastStatement":0,"seen":{}}}
,"/Users/macbookairm2/Desktop/frontend/my-storybook-app/src/components/elements/CommonInput/index.tsx": {"path":"/Users/macbookairm2/Desktop/frontend/my-storybook-app/src/components/elements/CommonInput/index.tsx","statementMap":{"0":{"start":{"line":10,"column":4},"end":{"line":10,"column":null}},"1":{"start":{"line":10,"column":61},"end":{"line":10,"column":87}}},"fnMap":{"0":{"name":"CommonInput","decl":{"start":{"line":9,"column":24},"end":{"line":9,"column":36}},"loc":{"start":{"line":9,"column":102},"end":{"line":11,"column":null}},"line":9},"1":{"name":"(anonymous_1)","decl":{"start":{"line":10,"column":54},"end":{"line":10,"column":55}},"loc":{"start":{"line":10,"column":61},"end":{"line":10,"column":87}},"line":10}},"branchMap":{"0":{"loc":{"start":{"line":9,"column":38},"end":{"line":9,"column":53}},"type":"default-arg","locations":[{"start":{"line":9,"column":45},"end":{"line":9,"column":53}}],"line":9}},"s":{"0":5,"1":1},"f":{"0":5,"1":1},"b":{"0":[5]},"meta":{"lastBranch":1,"lastFunction":2,"lastStatement":2,"seen":{"f:9:24:9:36":0,"b:9:45:9:53":0,"s:10:4:10:Infinity":0,"f:10:54:10:55":1,"s:10:61:10:87":1}}}
,"/Users/macbookairm2/Desktop/frontend/my-storybook-app/src/components/elements/CommonInput/button/index.tsx": {"path":"/Users/macbookairm2/Desktop/frontend/my-storybook-app/src/components/elements/CommonInput/button/index.tsx","statementMap":{"0":{"start":{"line":2,"column":2},"end":{"line":2,"column":null}}},"fnMap":{"0":{"name":"CommonInputButton","decl":{"start":{"line":1,"column":24},"end":{"line":1,"column":44}},"loc":{"start":{"line":1,"column":44},"end":{"line":3,"column":null}},"line":1}},"branchMap":{},"s":{"0":0},"f":{"0":0},"b":{},"meta":{"lastBranch":0,"lastFunction":1,"lastStatement":1,"seen":{"f:1:24:1:44":0,"s:2:2:2:Infinity":0}}}
,"/Users/macbookairm2/Desktop/frontend/my-storybook-app/src/components/layouts/auth-layout/index.tsx": {"path":"/Users/macbookairm2/Desktop/frontend/my-storybook-app/src/components/layouts/auth-layout/index.tsx","statementMap":{"0":{"start":{"line":4,"column":2},"end":{"line":9,"column":null}}},"fnMap":{"0":{"name":"AuthLayout","decl":{"start":{"line":3,"column":24},"end":{"line":3,"column":37}},"loc":{"start":{"line":3,"column":37},"end":{"line":11,"column":null}},"line":3}},"branchMap":{},"s":{"0":0},"f":{"0":0},"b":{},"meta":{"lastBranch":0,"lastFunction":1,"lastStatement":1,"seen":{"f:3:24:3:37":0,"s:4:2:9:Infinity":0}}}
,"/Users/macbookairm2/Desktop/frontend/my-storybook-app/src/components/layouts/main-layout/index.tsx": {"path":"/Users/macbookairm2/Desktop/frontend/my-storybook-app/src/components/layouts/main-layout/index.tsx","statementMap":{"0":{"start":{"line":5,"column":2},"end":{"line":69,"column":null}},"1":{"start":{"line":17,"column":12},"end":{"line":61,"column":null}},"2":{"start":{"line":31,"column":18},"end":{"line":44,"column":null}},"3":{"start":{"line":34,"column":46},"end":{"line":41,"column":null}},"4":{"start":{"line":51,"column":42},"end":{"line":58,"column":null}}},"fnMap":{"0":{"name":"MainLayout","decl":{"start":{"line":4,"column":24},"end":{"line":4,"column":37}},"loc":{"start":{"line":4,"column":37},"end":{"line":71,"column":null}},"line":4},"1":{"name":"(anonymous_1)","decl":{"start":{"line":16,"column":29},"end":{"line":16,"column":30}},"loc":{"start":{"line":17,"column":12},"end":{"line":61,"column":null}},"line":17},"2":{"name":"(anonymous_2)","decl":{"start":{"line":30,"column":35},"end":{"line":30,"column":36}},"loc":{"start":{"line":31,"column":18},"end":{"line":44,"column":null}},"line":31},"3":{"name":"(anonymous_3)","decl":{"start":{"line":34,"column":27},"end":{"line":34,"column":28}},"loc":{"start":{"line":34,"column":46},"end":{"line":41,"column":null}},"line":34},"4":{"name":"(anonymous_4)","decl":{"start":{"line":51,"column":23},"end":{"line":51,"column":24}},"loc":{"start":{"line":51,"column":42},"end":{"line":58,"column":null}},"line":51}},"branchMap":{"0":{"loc":{"start":{"line":17,"column":12},"end":{"line":61,"column":null}},"type":"cond-expr","locations":[{"start":{"line":18,"column":14},"end":{"line":46,"column":null}},{"start":{"line":48,"column":14},"end":{"line":61,"column":null}}],"line":17},"1":{"loc":{"start":{"line":17,"column":12},"end":{"line":17,"column":null}},"type":"binary-expr","locations":[{"start":{"line":17,"column":12},"end":{"line":17,"column":29}},{"start":{"line":17,"column":29},"end":{"line":17,"column":null}}],"line":17},"2":{"loc":{"start":{"line":37,"column":29},"end":{"line":37,"column":null}},"type":"cond-expr","locations":[{"start":{"line":37,"column":40},"end":{"line":37,"column":52}},{"start":{"line":37,"column":52},"end":{"line":37,"column":null}}],"line":37},"3":{"loc":{"start":{"line":39,"column":34},"end":{"line":39,"column":null}},"type":"cond-expr","locations":[{"start":{"line":39,"column":45},"end":{"line":39,"column":51}},{"start":{"line":39,"column":51},"end":{"line":39,"column":null}}],"line":39},"4":{"loc":{"start":{"line":40,"column":34},"end":{"line":40,"column":null}},"type":"cond-expr","locations":[{"start":{"line":40,"column":45},"end":{"line":40,"column":57}},{"start":{"line":40,"column":57},"end":{"line":40,"column":null}}],"line":40},"5":{"loc":{"start":{"line":54,"column":25},"end":{"line":54,"column":null}},"type":"cond-expr","locations":[{"start":{"line":54,"column":36},"end":{"line":54,"column":48}},{"start":{"line":54,"column":48},"end":{"line":54,"column":null}}],"line":54},"6":{"loc":{"start":{"line":56,"column":30},"end":{"line":56,"column":null}},"type":"cond-expr","locations":[{"start":{"line":56,"column":41},"end":{"line":56,"column":47}},{"start":{"line":56,"column":47},"end":{"line":56,"column":null}}],"line":56},"7":{"loc":{"start":{"line":57,"column":30},"end":{"line":57,"column":null}},"type":"cond-expr","locations":[{"start":{"line":57,"column":41},"end":{"line":57,"column":53}},{"start":{"line":57,"column":53},"end":{"line":57,"column":null}}],"line":57}},"s":{"0":0,"1":0,"2":0,"3":0,"4":0},"f":{"0":0,"1":0,"2":0,"3":0,"4":0},"b":{"0":[0,0],"1":[0,0],"2":[0,0],"3":[0,0],"4":[0,0],"5":[0,0],"6":[0,0],"7":[0,0]},"meta":{"lastBranch":8,"lastFunction":5,"lastStatement":5,"seen":{"f:4:24:4:37":0,"s:5:2:69:Infinity":0,"f:16:29:16:30":1,"s:17:12:61:Infinity":1,"b:18:14:46:Infinity:48:14:61:Infinity":0,"b:17:12:17:29:17:29:17:Infinity":1,"f:30:35:30:36":2,"s:31:18:44:Infinity":2,"f:34:27:34:28":3,"s:34:46:41:Infinity":3,"b:37:40:37:52:37:52:37:Infinity":2,"b:39:45:39:51:39:51:39:Infinity":3,"b:40:45:40:57:40:57:40:Infinity":4,"f:51:23:51:24":4,"s:51:42:58:Infinity":4,"b:54:36:54:48:54:48:54:Infinity":5,"b:56:41:56:47:56:47:56:Infinity":6,"b:57:41:57:53:57:53:57:Infinity":7}}}
,"/Users/macbookairm2/Desktop/frontend/my-storybook-app/src/components/providers/i18next-query-sync.tsx": {"path":"/Users/macbookairm2/Desktop/frontend/my-storybook-app/src/components/providers/i18next-query-sync.tsx","statementMap":{"0":{"start":{"line":11,"column":8},"end":{"line":11,"column":null}},"1":{"start":{"line":12,"column":15},"end":{"line":12,"column":null}},"2":{"start":{"line":14,"column":2},"end":{"line":25,"column":null}},"3":{"start":{"line":15,"column":33},"end":{"line":18,"column":null}},"4":{"start":{"line":17,"column":6},"end":{"line":17,"column":null}},"5":{"start":{"line":20,"column":4},"end":{"line":20,"column":null}},"6":{"start":{"line":22,"column":4},"end":{"line":24,"column":null}},"7":{"start":{"line":23,"column":6},"end":{"line":23,"column":null}},"8":{"start":{"line":27,"column":2},"end":{"line":27,"column":null}}},"fnMap":{"0":{"name":"I18nQuerySync","decl":{"start":{"line":10,"column":9},"end":{"line":10,"column":25}},"loc":{"start":{"line":10,"column":25},"end":{"line":28,"column":null}},"line":10},"1":{"name":"(anonymous_1)","decl":{"start":{"line":14,"column":12},"end":{"line":14,"column":18}},"loc":{"start":{"line":14,"column":18},"end":{"line":25,"column":5}},"line":14},"2":{"name":"(anonymous_2)","decl":{"start":{"line":15,"column":33},"end":{"line":15,"column":39}},"loc":{"start":{"line":15,"column":39},"end":{"line":18,"column":null}},"line":15},"3":{"name":"(anonymous_3)","decl":{"start":{"line":22,"column":11},"end":{"line":22,"column":17}},"loc":{"start":{"line":22,"column":17},"end":{"line":24,"column":null}},"line":22}},"branchMap":{},"s":{"0":0,"1":0,"2":0,"3":0,"4":0,"5":0,"6":0,"7":0,"8":0},"f":{"0":0,"1":0,"2":0,"3":0},"b":{},"meta":{"lastBranch":0,"lastFunction":4,"lastStatement":9,"seen":{"f:10:9:10:25":0,"s:11:8:11:Infinity":0,"s:12:15:12:Infinity":1,"s:14:2:25:Infinity":2,"f:14:12:14:18":1,"s:15:33:18:Infinity":3,"f:15:33:15:39":2,"s:17:6:17:Infinity":4,"s:20:4:20:Infinity":5,"s:22:4:24:Infinity":6,"f:22:11:22:17":3,"s:23:6:23:Infinity":7,"s:27:2:27:Infinity":8}}}
,"/Users/macbookairm2/Desktop/frontend/my-storybook-app/src/components/providers/theme-provider.tsx": {"path":"/Users/macbookairm2/Desktop/frontend/my-storybook-app/src/components/providers/theme-provider.tsx","statementMap":{"0":{"start":{"line":8,"column":8},"end":{"line":8,"column":null}},"1":{"start":{"line":8,"column":41},"end":{"line":8,"column":52}},"2":{"start":{"line":10,"column":2},"end":{"line":25,"column":null}},"3":{"start":{"line":11,"column":17},"end":{"line":11,"column":null}},"4":{"start":{"line":13,"column":4},"end":{"line":13,"column":null}},"5":{"start":{"line":15,"column":4},"end":{"line":22,"column":null}},"6":{"start":{"line":16,"column":26},"end":{"line":18,"column":null}},"7":{"start":{"line":20,"column":6},"end":{"line":20,"column":null}},"8":{"start":{"line":21,"column":6},"end":{"line":21,"column":null}},"9":{"start":{"line":24,"column":4},"end":{"line":24,"column":null}},"10":{"start":{"line":27,"column":2},"end":{"line":27,"column":null}}},"fnMap":{"0":{"name":"ThemeProvider","decl":{"start":{"line":7,"column":16},"end":{"line":7,"column":30}},"loc":{"start":{"line":7,"column":64},"end":{"line":28,"column":null}},"line":7},"1":{"name":"(anonymous_1)","decl":{"start":{"line":8,"column":30},"end":{"line":8,"column":31}},"loc":{"start":{"line":8,"column":41},"end":{"line":8,"column":52}},"line":8},"2":{"name":"(anonymous_2)","decl":{"start":{"line":10,"column":12},"end":{"line":10,"column":18}},"loc":{"start":{"line":10,"column":18},"end":{"line":25,"column":5}},"line":10}},"branchMap":{"0":{"loc":{"start":{"line":15,"column":4},"end":{"line":22,"column":null}},"type":"if","locations":[{"start":{"line":15,"column":4},"end":{"line":22,"column":null}},{"start":{},"end":{}}],"line":15},"1":{"loc":{"start":{"line":16,"column":26},"end":{"line":18,"column":null}},"type":"cond-expr","locations":[{"start":{"line":17,"column":10},"end":{"line":17,"column":null}},{"start":{"line":18,"column":10},"end":{"line":18,"column":null}}],"line":16}},"s":{"0":5,"1":15,"2":5,"3":5,"4":5,"5":5,"6":0,"7":0,"8":0,"9":5,"10":5},"f":{"0":5,"1":15,"2":5},"b":{"0":[0,5],"1":[0,0]},"meta":{"lastBranch":2,"lastFunction":3,"lastStatement":11,"seen":{"f:7:16:7:30":0,"s:8:8:8:Infinity":0,"f:8:30:8:31":1,"s:8:41:8:52":1,"s:10:2:25:Infinity":2,"f:10:12:10:18":2,"s:11:17:11:Infinity":3,"s:13:4:13:Infinity":4,"b:15:4:22:Infinity:undefined:undefined:undefined:undefined":0,"s:15:4:22:Infinity":5,"s:16:26:18:Infinity":6,"b:17:10:17:Infinity:18:10:18:Infinity":1,"s:20:6:20:Infinity":7,"s:21:6:21:Infinity":8,"s:24:4:24:Infinity":9,"s:27:2:27:Infinity":10}}}
,"/Users/macbookairm2/Desktop/frontend/my-storybook-app/src/components/ui/index.ts": {"path":"/Users/macbookairm2/Desktop/frontend/my-storybook-app/src/components/ui/index.ts","statementMap":{},"fnMap":{},"branchMap":{},"s":{},"f":{},"b":{},"meta":{"lastBranch":0,"lastFunction":0,"lastStatement":0,"seen":{}}}
,"/Users/macbookairm2/Desktop/frontend/my-storybook-app/src/components/ui/ui.css": {"path":"/Users/macbookairm2/Desktop/frontend/my-storybook-app/src/components/ui/ui.css","statementMap":{},"fnMap":{},"branchMap":{},"s":{},"f":{},"b":{},"meta":{"lastBranch":0,"lastFunction":0,"lastStatement":0,"seen":{}}}
,"/Users/macbookairm2/Desktop/frontend/my-storybook-app/src/components/ui/avatar/index.tsx": {"path":"/Users/macbookairm2/Desktop/frontend/my-storybook-app/src/components/ui/avatar/index.tsx","statementMap":{"0":{"start":{"line":10,"column":2},"end":{"line":33,"column":null}}},"fnMap":{"0":{"name":"Avatar","decl":{"start":{"line":9,"column":16},"end":{"line":9,"column":23}},"loc":{"start":{"line":9,"column":98},"end":{"line":35,"column":null}},"line":9}},"branchMap":{"0":{"loc":{"start":{"line":9,"column":30},"end":{"line":9,"column":40}},"type":"default-arg","locations":[{"start":{"line":9,"column":36},"end":{"line":9,"column":40}}],"line":9},"1":{"loc":{"start":{"line":9,"column":50},"end":{"line":9,"column":66}},"type":"default-arg","locations":[{"start":{"line":9,"column":62},"end":{"line":9,"column":66}}],"line":9},"2":{"loc":{"start":{"line":29,"column":34},"end":{"line":29,"column":52}},"type":"binary-expr","locations":[{"start":{"line":29,"column":34},"end":{"line":29,"column":41}},{"start":{"line":29,"column":41},"end":{"line":29,"column":52}}],"line":29},"3":{"loc":{"start":{"line":31,"column":9},"end":{"line":31,"column":null}},"type":"binary-expr","locations":[{"start":{"line":31,"column":9},"end":{"line":31,"column":22}},{"start":{"line":31,"column":22},"end":{"line":31,"column":null}}],"line":31},"4":{"loc":{"start":{"line":31,"column":22},"end":{"line":31,"column":null}},"type":"cond-expr","locations":[{"start":{"line":31,"column":28},"end":{"line":31,"column":60}},{"start":{"line":31,"column":60},"end":{"line":31,"column":null}}],"line":31}},"s":{"0":0},"f":{"0":0},"b":{"0":[0],"1":[0],"2":[0,0],"3":[0,0],"4":[0,0]},"meta":{"lastBranch":5,"lastFunction":1,"lastStatement":1,"seen":{"f:9:16:9:23":0,"b:9:36:9:40":0,"b:9:62:9:66":1,"s:10:2:33:Infinity":0,"b:29:34:29:41:29:41:29:52":2,"b:31:9:31:22:31:22:31:Infinity":3,"b:31:28:31:60:31:60:31:Infinity":4}}}
,"/Users/macbookairm2/Desktop/frontend/my-storybook-app/src/components/ui/dialog/index.tsx": {"path":"/Users/macbookairm2/Desktop/frontend/my-storybook-app/src/components/ui/dialog/index.tsx","statementMap":{"0":{"start":{"line":3,"column":13},"end":{"line":3,"column":null}},"1":{"start":{"line":4,"column":16},"end":{"line":4,"column":null}},"2":{"start":{"line":5,"column":15},"end":{"line":5,"column":null}},"3":{"start":{"line":6,"column":14},"end":{"line":6,"column":null}},"4":{"start":{"line":12,"column":2},"end":{"line":22,"column":null}},"5":{"start":{"line":31,"column":2},"end":{"line":55,"column":null}},"6":{"start":{"line":60,"column":2},"end":{"line":65,"column":null}},"7":{"start":{"line":70,"column":2},"end":{"line":75,"column":null}},"8":{"start":{"line":79,"column":22},"end":{"line":86,"column":null}}},"fnMap":{"0":{"name":"Overlay","decl":{"start":{"line":8,"column":9},"end":{"line":8,"column":17}},"loc":{"start":{"line":11,"column":57},"end":{"line":24,"column":null}},"line":11},"1":{"name":"Content","decl":{"start":{"line":26,"column":9},"end":{"line":26,"column":17}},"loc":{"start":{"line":30,"column":57},"end":{"line":57,"column":null}},"line":30},"2":{"name":"Title","decl":{"start":{"line":59,"column":9},"end":{"line":59,"column":15}},"loc":{"start":{"line":59,"column":74},"end":{"line":67,"column":null}},"line":59},"3":{"name":"Description","decl":{"start":{"line":69,"column":9},"end":{"line":69,"column":21}},"loc":{"start":{"line":69,"column":86},"end":{"line":77,"column":null}},"line":69}},"branchMap":{"0":{"loc":{"start":{"line":9,"column":2},"end":{"line":9,"column":null}},"type":"default-arg","locations":[{"start":{"line":9,"column":14},"end":{"line":9,"column":null}}],"line":9},"1":{"loc":{"start":{"line":27,"column":2},"end":{"line":27,"column":null}},"type":"default-arg","locations":[{"start":{"line":27,"column":14},"end":{"line":27,"column":null}}],"line":27}},"s":{"0":0,"1":0,"2":0,"3":0,"4":0,"5":0,"6":0,"7":0,"8":0},"f":{"0":0,"1":0,"2":0,"3":0},"b":{"0":[0],"1":[0]},"meta":{"lastBranch":2,"lastFunction":4,"lastStatement":9,"seen":{"s:3:13:3:Infinity":0,"s:4:16:4:Infinity":1,"s:5:15:5:Infinity":2,"s:6:14:6:Infinity":3,"f:8:9:8:17":0,"b:9:14:9:Infinity":0,"s:12:2:22:Infinity":4,"f:26:9:26:17":1,"b:27:14:27:Infinity":1,"s:31:2:55:Infinity":5,"f:59:9:59:15":2,"s:60:2:65:Infinity":6,"f:69:9:69:21":3,"s:70:2:75:Infinity":7,"s:79:22:86:Infinity":8}}}
,"/Users/macbookairm2/Desktop/frontend/my-storybook-app/src/components/ui/dropdown-menu/index.tsx": {"path":"/Users/macbookairm2/Desktop/frontend/my-storybook-app/src/components/ui/dropdown-menu/index.tsx","statementMap":{"0":{"start":{"line":3,"column":13},"end":{"line":3,"column":null}},"1":{"start":{"line":4,"column":16},"end":{"line":4,"column":null}},"2":{"start":{"line":5,"column":15},"end":{"line":5,"column":null}},"3":{"start":{"line":6,"column":14},"end":{"line":6,"column":null}},"4":{"start":{"line":7,"column":13},"end":{"line":7,"column":null}},"5":{"start":{"line":8,"column":14},"end":{"line":8,"column":null}},"6":{"start":{"line":9,"column":18},"end":{"line":9,"column":null}},"7":{"start":{"line":11,"column":42},"end":{"line":19,"column":null}},"8":{"start":{"line":21,"column":39},"end":{"line":28,"column":null}},"9":{"start":{"line":35,"column":2},"end":{"line":45,"column":null}},"10":{"start":{"line":54,"column":2},"end":{"line":59,"column":null}},"11":{"start":{"line":63,"column":28},"end":{"line":71,"column":null}}},"fnMap":{"0":{"name":"Content","decl":{"start":{"line":30,"column":9},"end":{"line":30,"column":17}},"loc":{"start":{"line":34,"column":63},"end":{"line":47,"column":null}},"line":34},"1":{"name":"DropdownMenuItem","decl":{"start":{"line":49,"column":9},"end":{"line":49,"column":26}},"loc":{"start":{"line":53,"column":60},"end":{"line":61,"column":null}},"line":53}},"branchMap":{"0":{"loc":{"start":{"line":31,"column":2},"end":{"line":31,"column":null}},"type":"default-arg","locations":[{"start":{"line":31,"column":14},"end":{"line":31,"column":null}}],"line":31},"1":{"loc":{"start":{"line":50,"column":2},"end":{"line":50,"column":null}},"type":"default-arg","locations":[{"start":{"line":50,"column":14},"end":{"line":50,"column":null}}],"line":50}},"s":{"0":0,"1":0,"2":0,"3":0,"4":0,"5":0,"6":0,"7":0,"8":0,"9":0,"10":0,"11":0},"f":{"0":0,"1":0},"b":{"0":[0],"1":[0]},"meta":{"lastBranch":2,"lastFunction":2,"lastStatement":12,"seen":{"s:3:13:3:Infinity":0,"s:4:16:4:Infinity":1,"s:5:15:5:Infinity":2,"s:6:14:6:Infinity":3,"s:7:13:7:Infinity":4,"s:8:14:8:Infinity":5,"s:9:18:9:Infinity":6,"s:11:42:19:Infinity":7,"s:21:39:28:Infinity":8,"f:30:9:30:17":0,"b:31:14:31:Infinity":0,"s:35:2:45:Infinity":9,"f:49:9:49:26":1,"b:50:14:50:Infinity":1,"s:54:2:59:Infinity":10,"s:63:28:71:Infinity":11}}}
,"/Users/macbookairm2/Desktop/frontend/my-storybook-app/src/components/ui/label/index.tsx": {"path":"/Users/macbookairm2/Desktop/frontend/my-storybook-app/src/components/ui/label/index.tsx","statementMap":{"0":{"start":{"line":6,"column":2},"end":{"line":16,"column":null}}},"fnMap":{"0":{"name":"Label","decl":{"start":{"line":5,"column":16},"end":{"line":5,"column":22}},"loc":{"start":{"line":5,"column":71},"end":{"line":18,"column":null}},"line":5}},"branchMap":{"0":{"loc":{"start":{"line":5,"column":24},"end":{"line":5,"column":40}},"type":"default-arg","locations":[{"start":{"line":5,"column":36},"end":{"line":5,"column":40}}],"line":5}},"s":{"0":0},"f":{"0":0},"b":{"0":[0]},"meta":{"lastBranch":1,"lastFunction":1,"lastStatement":1,"seen":{"f:5:16:5:22":0,"b:5:36:5:40":0,"s:6:2:16:Infinity":0}}}
,"/Users/macbookairm2/Desktop/frontend/my-storybook-app/src/components/ui/select/index.tsx": {"path":"/Users/macbookairm2/Desktop/frontend/my-storybook-app/src/components/ui/select/index.tsx","statementMap":{"0":{"start":{"line":3,"column":13},"end":{"line":3,"column":null}},"1":{"start":{"line":4,"column":14},"end":{"line":4,"column":null}},"2":{"start":{"line":5,"column":14},"end":{"line":5,"column":null}},"3":{"start":{"line":7,"column":42},"end":{"line":20,"column":null}},"4":{"start":{"line":22,"column":42},"end":{"line":29,"column":null}},"5":{"start":{"line":31,"column":39},"end":{"line":37,"column":null}},"6":{"start":{"line":45,"column":2},"end":{"line":53,"column":null}},"7":{"start":{"line":62,"column":2},"end":{"line":73,"column":null}},"8":{"start":{"line":82,"column":2},"end":{"line":87,"column":null}},"9":{"start":{"line":91,"column":22},"end":{"line":100,"column":null}}},"fnMap":{"0":{"name":"Trigger","decl":{"start":{"line":39,"column":9},"end":{"line":39,"column":17}},"loc":{"start":{"line":44,"column":57},"end":{"line":55,"column":null}},"line":44},"1":{"name":"Content","decl":{"start":{"line":57,"column":9},"end":{"line":57,"column":17}},"loc":{"start":{"line":61,"column":57},"end":{"line":75,"column":null}},"line":61},"2":{"name":"Item","decl":{"start":{"line":77,"column":9},"end":{"line":77,"column":14}},"loc":{"start":{"line":81,"column":54},"end":{"line":89,"column":null}},"line":81}},"branchMap":{"0":{"loc":{"start":{"line":40,"column":2},"end":{"line":40,"column":null}},"type":"default-arg","locations":[{"start":{"line":40,"column":14},"end":{"line":40,"column":null}}],"line":40},"1":{"loc":{"start":{"line":58,"column":2},"end":{"line":58,"column":null}},"type":"default-arg","locations":[{"start":{"line":58,"column":14},"end":{"line":58,"column":null}}],"line":58},"2":{"loc":{"start":{"line":78,"column":2},"end":{"line":78,"column":null}},"type":"default-arg","locations":[{"start":{"line":78,"column":14},"end":{"line":78,"column":null}}],"line":78}},"s":{"0":0,"1":0,"2":0,"3":0,"4":0,"5":0,"6":0,"7":0,"8":0,"9":0},"f":{"0":0,"1":0,"2":0},"b":{"0":[0],"1":[0],"2":[0]},"meta":{"lastBranch":3,"lastFunction":3,"lastStatement":10,"seen":{"s:3:13:3:Infinity":0,"s:4:14:4:Infinity":1,"s:5:14:5:Infinity":2,"s:7:42:20:Infinity":3,"s:22:42:29:Infinity":4,"s:31:39:37:Infinity":5,"f:39:9:39:17":0,"b:40:14:40:Infinity":0,"s:45:2:53:Infinity":6,"f:57:9:57:17":1,"b:58:14:58:Infinity":1,"s:62:2:73:Infinity":7,"f:77:9:77:14":2,"b:78:14:78:Infinity":2,"s:82:2:87:Infinity":8,"s:91:22:100:Infinity":9}}}
,"/Users/macbookairm2/Desktop/frontend/my-storybook-app/src/components/ui/separator/index.tsx": {"path":"/Users/macbookairm2/Desktop/frontend/my-storybook-app/src/components/ui/separator/index.tsx","statementMap":{"0":{"start":{"line":6,"column":2},"end":{"line":16,"column":null}}},"fnMap":{"0":{"name":"Separator","decl":{"start":{"line":5,"column":16},"end":{"line":5,"column":26}},"loc":{"start":{"line":5,"column":103},"end":{"line":18,"column":null}},"line":5}},"branchMap":{"0":{"loc":{"start":{"line":5,"column":28},"end":{"line":5,"column":56}},"type":"default-arg","locations":[{"start":{"line":5,"column":42},"end":{"line":5,"column":56}}],"line":5},"1":{"loc":{"start":{"line":5,"column":56},"end":{"line":5,"column":75}},"type":"default-arg","locations":[{"start":{"line":5,"column":69},"end":{"line":5,"column":75}}],"line":5},"2":{"loc":{"start":{"line":13,"column":12},"end":{"line":13,"column":null}},"type":"cond-expr","locations":[{"start":{"line":13,"column":43},"end":{"line":13,"column":74}},{"start":{"line":13,"column":74},"end":{"line":13,"column":null}}],"line":13}},"s":{"0":0},"f":{"0":0},"b":{"0":[0],"1":[0],"2":[0,0]},"meta":{"lastBranch":3,"lastFunction":1,"lastStatement":1,"seen":{"f:5:16:5:26":0,"b:5:42:5:56":0,"b:5:69:5:75":1,"s:6:2:16:Infinity":0,"b:13:43:13:74:13:74:13:Infinity":2}}}
,"/Users/macbookairm2/Desktop/frontend/my-storybook-app/src/components/ui/switch/index.tsx": {"path":"/Users/macbookairm2/Desktop/frontend/my-storybook-app/src/components/ui/switch/index.tsx","statementMap":{"0":{"start":{"line":6,"column":2},"end":{"line":34,"column":null}}},"fnMap":{"0":{"name":"Switch","decl":{"start":{"line":5,"column":16},"end":{"line":5,"column":23}},"loc":{"start":{"line":5,"column":50},"end":{"line":36,"column":null}},"line":5}},"branchMap":{},"s":{"0":0},"f":{"0":0},"b":{},"meta":{"lastBranch":0,"lastFunction":1,"lastStatement":1,"seen":{"f:5:16:5:23":0,"s:6:2:34:Infinity":0}}}
,"/Users/macbookairm2/Desktop/frontend/my-storybook-app/src/components/ui/tabs/index.tsx": {"path":"/Users/macbookairm2/Desktop/frontend/my-storybook-app/src/components/ui/tabs/index.tsx","statementMap":{"0":{"start":{"line":3,"column":13},"end":{"line":3,"column":null}},"1":{"start":{"line":4,"column":13},"end":{"line":4,"column":null}},"2":{"start":{"line":5,"column":16},"end":{"line":5,"column":null}},"3":{"start":{"line":6,"column":16},"end":{"line":6,"column":null}},"4":{"start":{"line":8,"column":44},"end":{"line":13,"column":null}},"5":{"start":{"line":15,"column":47},"end":{"line":25,"column":null}},"6":{"start":{"line":27,"column":47},"end":{"line":30,"column":null}},"7":{"start":{"line":33,"column":2},"end":{"line":33,"column":null}},"8":{"start":{"line":37,"column":2},"end":{"line":42,"column":null}},"9":{"start":{"line":47,"column":2},"end":{"line":47,"column":null}},"10":{"start":{"line":50,"column":20},"end":{"line":55,"column":null}}},"fnMap":{"0":{"name":"TabsList","decl":{"start":{"line":32,"column":9},"end":{"line":32,"column":18}},"loc":{"start":{"line":32,"column":104},"end":{"line":34,"column":null}},"line":32},"1":{"name":"TabsTrigger","decl":{"start":{"line":36,"column":9},"end":{"line":36,"column":21}},"loc":{"start":{"line":36,"column":110},"end":{"line":44,"column":null}},"line":36},"2":{"name":"TabsContent","decl":{"start":{"line":46,"column":9},"end":{"line":46,"column":21}},"loc":{"start":{"line":46,"column":110},"end":{"line":48,"column":null}},"line":46}},"branchMap":{"0":{"loc":{"start":{"line":32,"column":20},"end":{"line":32,"column":36}},"type":"default-arg","locations":[{"start":{"line":32,"column":32},"end":{"line":32,"column":36}}],"line":32},"1":{"loc":{"start":{"line":36,"column":23},"end":{"line":36,"column":39}},"type":"default-arg","locations":[{"start":{"line":36,"column":35},"end":{"line":36,"column":39}}],"line":36},"2":{"loc":{"start":{"line":46,"column":23},"end":{"line":46,"column":39}},"type":"default-arg","locations":[{"start":{"line":46,"column":35},"end":{"line":46,"column":39}}],"line":46}},"s":{"0":0,"1":0,"2":0,"3":0,"4":0,"5":0,"6":0,"7":0,"8":0,"9":0,"10":0},"f":{"0":0,"1":0,"2":0},"b":{"0":[0],"1":[0],"2":[0]},"meta":{"lastBranch":3,"lastFunction":3,"lastStatement":11,"seen":{"s:3:13:3:Infinity":0,"s:4:13:4:Infinity":1,"s:5:16:5:Infinity":2,"s:6:16:6:Infinity":3,"s:8:44:13:Infinity":4,"s:15:47:25:Infinity":5,"s:27:47:30:Infinity":6,"f:32:9:32:18":0,"b:32:32:32:36":0,"s:33:2:33:Infinity":7,"f:36:9:36:21":1,"b:36:35:36:39":1,"s:37:2:42:Infinity":8,"f:46:9:46:21":2,"b:46:35:46:39":2,"s:47:2:47:Infinity":9,"s:50:20:55:Infinity":10}}}
,"/Users/macbookairm2/Desktop/frontend/my-storybook-app/src/components/ui/tooltip/index.tsx": {"path":"/Users/macbookairm2/Desktop/frontend/my-storybook-app/src/components/ui/tooltip/index.tsx","statementMap":{"0":{"start":{"line":3,"column":13},"end":{"line":3,"column":null}},"1":{"start":{"line":4,"column":16},"end":{"line":4,"column":null}},"2":{"start":{"line":5,"column":15},"end":{"line":5,"column":null}},"3":{"start":{"line":13,"column":2},"end":{"line":31,"column":null}},"4":{"start":{"line":35,"column":23},"end":{"line":40,"column":null}}},"fnMap":{"0":{"name":"Content","decl":{"start":{"line":7,"column":9},"end":{"line":7,"column":17}},"loc":{"start":{"line":12,"column":58},"end":{"line":33,"column":null}},"line":12}},"branchMap":{"0":{"loc":{"start":{"line":8,"column":2},"end":{"line":8,"column":null}},"type":"default-arg","locations":[{"start":{"line":8,"column":14},"end":{"line":8,"column":null}}],"line":8},"1":{"loc":{"start":{"line":10,"column":2},"end":{"line":10,"column":null}},"type":"default-arg","locations":[{"start":{"line":10,"column":15},"end":{"line":10,"column":null}}],"line":10}},"s":{"0":0,"1":0,"2":0,"3":0,"4":0},"f":{"0":0},"b":{"0":[0],"1":[0]},"meta":{"lastBranch":2,"lastFunction":1,"lastStatement":5,"seen":{"s:3:13:3:Infinity":0,"s:4:16:4:Infinity":1,"s:5:15:5:Infinity":2,"f:7:9:7:17":0,"b:8:14:8:Infinity":0,"b:10:15:10:Infinity":1,"s:13:2:31:Infinity":3,"s:35:23:40:Infinity":4}}}
,"/Users/macbookairm2/Desktop/frontend/my-storybook-app/src/configurations/i18next.ts": {"path":"/Users/macbookairm2/Desktop/frontend/my-storybook-app/src/configurations/i18next.ts","statementMap":{"0":{"start":{"line":5,"column":18},"end":{"line":5,"column":null}},"1":{"start":{"line":7,"column":0},"end":{"line":26,"column":null}},"2":{"start":{"line":22,"column":10},"end":{"line":22,"column":null}},"3":{"start":{"line":23,"column":8},"end":{"line":23,"column":null}}},"fnMap":{"0":{"name":"(anonymous_0)","decl":{"start":{"line":20,"column":13},"end":{"line":20,"column":14}},"loc":{"start":{"line":20,"column":57},"end":{"line":24,"column":null}},"line":20}},"branchMap":{"0":{"loc":{"start":{"line":22,"column":10},"end":{"line":22,"column":null}},"type":"cond-expr","locations":[{"start":{"line":22,"column":38},"end":{"line":22,"column":100}},{"start":{"line":22,"column":100},"end":{"line":22,"column":null}}],"line":22},"1":{"loc":{"start":{"line":23,"column":16},"end":{"line":23,"column":null}},"type":"binary-expr","locations":[{"start":{"line":23,"column":16},"end":{"line":23,"column":37}},{"start":{"line":23,"column":37},"end":{"line":23,"column":null}}],"line":23}},"s":{"0":0,"1":0,"2":0,"3":0},"f":{"0":0},"b":{"0":[0,0],"1":[0,0]},"meta":{"lastBranch":2,"lastFunction":1,"lastStatement":4,"seen":{"s:5:18:5:Infinity":0,"s:7:0:26:Infinity":1,"f:20:13:20:14":0,"s:22:10:22:Infinity":2,"b:22:38:22:100:22:100:22:Infinity":0,"s:23:8:23:Infinity":3,"b:23:16:23:37:23:37:23:Infinity":1}}}
,"/Users/macbookairm2/Desktop/frontend/my-storybook-app/src/hooks/use-debounce-hook.ts": {"path":"/Users/macbookairm2/Desktop/frontend/my-storybook-app/src/hooks/use-debounce-hook.ts","statementMap":{},"fnMap":{},"branchMap":{},"s":{},"f":{},"b":{},"meta":{"lastBranch":0,"lastFunction":0,"lastStatement":0,"seen":{}}}
,"/Users/macbookairm2/Desktop/frontend/my-storybook-app/src/hooks/use-mobile-hook.ts": {"path":"/Users/macbookairm2/Desktop/frontend/my-storybook-app/src/hooks/use-mobile-hook.ts","statementMap":{},"fnMap":{},"branchMap":{},"s":{},"f":{},"b":{},"meta":{"lastBranch":0,"lastFunction":0,"lastStatement":0,"seen":{}}}
,"/Users/macbookairm2/Desktop/frontend/my-storybook-app/src/pages/dashboard/main/index.tsx": {"path":"/Users/macbookairm2/Desktop/frontend/my-storybook-app/src/pages/dashboard/main/index.tsx","statementMap":{"0":{"start":{"line":2,"column":2},"end":{"line":2,"column":null}}},"fnMap":{"0":{"name":"DashboardMain","decl":{"start":{"line":1,"column":24},"end":{"line":1,"column":40}},"loc":{"start":{"line":1,"column":40},"end":{"line":3,"column":null}},"line":1}},"branchMap":{},"s":{"0":0},"f":{"0":0},"b":{},"meta":{"lastBranch":0,"lastFunction":1,"lastStatement":1,"seen":{"f:1:24:1:40":0,"s:2:2:2:Infinity":0}}}
,"/Users/macbookairm2/Desktop/frontend/my-storybook-app/src/pages/login/sign-in/index.tsx": {"path":"/Users/macbookairm2/Desktop/frontend/my-storybook-app/src/pages/login/sign-in/index.tsx","statementMap":{"0":{"start":{"line":2,"column":2},"end":{"line":2,"column":null}}},"fnMap":{"0":{"name":"SignInPage","decl":{"start":{"line":1,"column":24},"end":{"line":1,"column":37}},"loc":{"start":{"line":1,"column":37},"end":{"line":3,"column":null}},"line":1}},"branchMap":{},"s":{"0":0},"f":{"0":0},"b":{},"meta":{"lastBranch":0,"lastFunction":1,"lastStatement":1,"seen":{"f:1:24:1:37":0,"s:2:2:2:Infinity":0}}}
,"/Users/macbookairm2/Desktop/frontend/my-storybook-app/src/routes/index.tsx": {"path":"/Users/macbookairm2/Desktop/frontend/my-storybook-app/src/routes/index.tsx","statementMap":{"0":{"start":{"line":8,"column":13},"end":{"line":27,"column":null}}},"fnMap":{},"branchMap":{},"s":{"0":0},"f":{},"b":{},"meta":{"lastBranch":0,"lastFunction":0,"lastStatement":1,"seen":{"s:8:13:27:Infinity":0}}}
,"/Users/macbookairm2/Desktop/frontend/my-storybook-app/src/routes/routeConfig.ts": {"path":"/Users/macbookairm2/Desktop/frontend/my-storybook-app/src/routes/routeConfig.ts","statementMap":{"0":{"start":{"line":6,"column":22},"end":{"line":19,"column":null}},"1":{"start":{"line":35,"column":44},"end":{"line":50,"column":null}}},"fnMap":{},"branchMap":{},"s":{"0":0,"1":0},"f":{},"b":{},"meta":{"lastBranch":0,"lastFunction":0,"lastStatement":2,"seen":{"s:6:22:19:Infinity":0,"s:35:44:50:Infinity":1}}}
,"/Users/macbookairm2/Desktop/frontend/my-storybook-app/src/routes/types.ts": {"path":"/Users/macbookairm2/Desktop/frontend/my-storybook-app/src/routes/types.ts","statementMap":{},"fnMap":{},"branchMap":{},"s":{},"f":{},"b":{},"meta":{"lastBranch":0,"lastFunction":0,"lastStatement":0,"seen":{}}}
,"/Users/macbookairm2/Desktop/frontend/my-storybook-app/src/routes/auth/index.tsx": {"path":"/Users/macbookairm2/Desktop/frontend/my-storybook-app/src/routes/auth/index.tsx","statementMap":{"0":{"start":{"line":4,"column":26},"end":{"line":7,"column":null}}},"fnMap":{},"branchMap":{},"s":{"0":0},"f":{},"b":{},"meta":{"lastBranch":0,"lastFunction":0,"lastStatement":1,"seen":{"s:4:26:7:Infinity":0}}}
,"/Users/macbookairm2/Desktop/frontend/my-storybook-app/src/routes/dashboard/index.tsx": {"path":"/Users/macbookairm2/Desktop/frontend/my-storybook-app/src/routes/dashboard/index.tsx","statementMap":{"0":{"start":{"line":4,"column":30},"end":{"line":7,"column":null}}},"fnMap":{},"branchMap":{},"s":{"0":0},"f":{},"b":{},"meta":{"lastBranch":0,"lastFunction":0,"lastStatement":1,"seen":{"s:4:30:7:Infinity":0}}}
,"/Users/macbookairm2/Desktop/frontend/my-storybook-app/src/shared/hooks/use-permissions-hook.ts": {"path":"/Users/macbookairm2/Desktop/frontend/my-storybook-app/src/shared/hooks/use-permissions-hook.ts","statementMap":{},"fnMap":{},"branchMap":{},"s":{},"f":{},"b":{},"meta":{"lastBranch":0,"lastFunction":0,"lastStatement":0,"seen":{}}}
,"/Users/macbookairm2/Desktop/frontend/my-storybook-app/src/store/use-theme-store.ts": {"path":"/Users/macbookairm2/Desktop/frontend/my-storybook-app/src/store/use-theme-store.ts","statementMap":{"0":{"start":{"line":11,"column":13},"end":{"line":21,"column":null}},"1":{"start":{"line":14,"column":16},"end":{"line":17,"column":null}},"2":{"start":{"line":16,"column":29},"end":{"line":16,"column":null}},"3":{"start":{"line":23,"column":24},"end":{"line":25,"column":null}},"4":{"start":{"line":24,"column":2},"end":{"line":24,"column":null}}},"fnMap":{"0":{"name":"(anonymous_0)","decl":{"start":{"line":14,"column":6},"end":{"line":14,"column":7}},"loc":{"start":{"line":14,"column":16},"end":{"line":17,"column":null}},"line":14},"1":{"name":"(anonymous_1)","decl":{"start":{"line":16,"column":18},"end":{"line":16,"column":19}},"loc":{"start":{"line":16,"column":29},"end":{"line":16,"column":null}},"line":16},"2":{"name":"(anonymous_2)","decl":{"start":{"line":23,"column":24},"end":{"line":23,"column":25}},"loc":{"start":{"line":23,"column":42},"end":{"line":25,"column":null}},"line":23}},"branchMap":{},"s":{"0":1,"1":1,"2":0,"3":1,"4":0},"f":{"0":1,"1":0,"2":0},"b":{},"meta":{"lastBranch":0,"lastFunction":3,"lastStatement":5,"seen":{"s:11:13:21:Infinity":0,"f:14:6:14:7":0,"s:14:16:17:Infinity":1,"f:16:18:16:19":1,"s:16:29:16:Infinity":2,"s:23:24:25:Infinity":3,"f:23:24:23:25":2,"s:24:2:24:Infinity":4}}}
,"/Users/macbookairm2/Desktop/frontend/my-storybook-app/src/stories/Button.tsx": {"path":"/Users/macbookairm2/Desktop/frontend/my-storybook-app/src/stories/Button.tsx","statementMap":{"0":{"start":{"line":17,"column":22},"end":{"line":35,"column":null}},"1":{"start":{"line":24,"column":15},"end":{"line":24,"column":null}},"2":{"start":{"line":25,"column":2},"end":{"line":33,"column":null}}},"fnMap":{"0":{"name":"(anonymous_0)","decl":{"start":{"line":17,"column":22},"end":{"line":17,"column":23}},"loc":{"start":{"line":23,"column":19},"end":{"line":35,"column":null}},"line":23}},"branchMap":{"0":{"loc":{"start":{"line":18,"column":2},"end":{"line":18,"column":null}},"type":"default-arg","locations":[{"start":{"line":18,"column":12},"end":{"line":18,"column":null}}],"line":18},"1":{"loc":{"start":{"line":19,"column":2},"end":{"line":19,"column":null}},"type":"default-arg","locations":[{"start":{"line":19,"column":9},"end":{"line":19,"column":null}}],"line":19},"2":{"loc":{"start":{"line":24,"column":15},"end":{"line":24,"column":null}},"type":"cond-expr","locations":[{"start":{"line":24,"column":25},"end":{"line":24,"column":55}},{"start":{"line":24,"column":55},"end":{"line":24,"column":null}}],"line":24}},"s":{"0":0,"1":0,"2":0},"f":{"0":0},"b":{"0":[0],"1":[0],"2":[0,0]},"meta":{"lastBranch":3,"lastFunction":1,"lastStatement":3,"seen":{"s:17:22:35:Infinity":0,"f:17:22:17:23":0,"b:18:12:18:Infinity":0,"b:19:9:19:Infinity":1,"s:24:15:24:Infinity":1,"b:24:25:24:55:24:55:24:Infinity":2,"s:25:2:33:Infinity":2}}}
,"/Users/macbookairm2/Desktop/frontend/my-storybook-app/src/stories/Header.tsx": {"path":"/Users/macbookairm2/Desktop/frontend/my-storybook-app/src/stories/Header.tsx","statementMap":{"0":{"start":{"line":15,"column":22},"end":{"line":53,"column":null}},"1":{"start":{"line":16,"column":2},"end":{"line":53,"column":null}}},"fnMap":{"0":{"name":"(anonymous_0)","decl":{"start":{"line":15,"column":22},"end":{"line":15,"column":23}},"loc":{"start":{"line":16,"column":2},"end":{"line":53,"column":null}},"line":16}},"branchMap":{"0":{"loc":{"start":{"line":38,"column":9},"end":{"line":49,"column":null}},"type":"cond-expr","locations":[{"start":{"line":39,"column":10},"end":{"line":44,"column":null}},{"start":{"line":46,"column":10},"end":{"line":49,"column":null}}],"line":38}},"s":{"0":0,"1":0},"f":{"0":0},"b":{"0":[0,0]},"meta":{"lastBranch":1,"lastFunction":1,"lastStatement":2,"seen":{"s:15:22:53:Infinity":0,"f:15:22:15:23":0,"s:16:2:53:Infinity":1,"b:39:10:44:Infinity:46:10:49:Infinity":0}}}
,"/Users/macbookairm2/Desktop/frontend/my-storybook-app/src/stories/Page.tsx": {"path":"/Users/macbookairm2/Desktop/frontend/my-storybook-app/src/stories/Page.tsx","statementMap":{"0":{"start":{"line":10,"column":30},"end":{"line":73,"column":null}},"1":{"start":{"line":11,"column":26},"end":{"line":11,"column":null}},"2":{"start":{"line":13,"column":2},"end":{"line":71,"column":null}},"3":{"start":{"line":17,"column":23},"end":{"line":17,"column":null}},"4":{"start":{"line":18,"column":24},"end":{"line":18,"column":null}},"5":{"start":{"line":19,"column":31},"end":{"line":19,"column":null}}},"fnMap":{"0":{"name":"(anonymous_0)","decl":{"start":{"line":10,"column":30},"end":{"line":10,"column":36}},"loc":{"start":{"line":10,"column":36},"end":{"line":73,"column":null}},"line":10},"1":{"name":"(anonymous_1)","decl":{"start":{"line":17,"column":17},"end":{"line":17,"column":23}},"loc":{"start":{"line":17,"column":23},"end":{"line":17,"column":null}},"line":17},"2":{"name":"(anonymous_2)","decl":{"start":{"line":18,"column":18},"end":{"line":18,"column":24}},"loc":{"start":{"line":18,"column":24},"end":{"line":18,"column":null}},"line":18},"3":{"name":"(anonymous_3)","decl":{"start":{"line":19,"column":25},"end":{"line":19,"column":31}},"loc":{"start":{"line":19,"column":31},"end":{"line":19,"column":null}},"line":19}},"branchMap":{},"s":{"0":0,"1":0,"2":0,"3":0,"4":0,"5":0},"f":{"0":0,"1":0,"2":0,"3":0},"b":{},"meta":{"lastBranch":0,"lastFunction":4,"lastStatement":6,"seen":{"s:10:30:73:Infinity":0,"f:10:30:10:36":0,"s:11:26:11:Infinity":1,"s:13:2:71:Infinity":2,"f:17:17:17:23":1,"s:17:23:17:Infinity":3,"f:18:18:18:24":2,"s:18:24:18:Infinity":4,"f:19:25:19:31":3,"s:19:31:19:Infinity":5}}}
,"/Users/macbookairm2/Desktop/frontend/my-storybook-app/src/stories/button.css": {"path":"/Users/macbookairm2/Desktop/frontend/my-storybook-app/src/stories/button.css","statementMap":{},"fnMap":{},"branchMap":{},"s":{},"f":{},"b":{},"meta":{"lastBranch":0,"lastFunction":0,"lastStatement":0,"seen":{}}}
,"/Users/macbookairm2/Desktop/frontend/my-storybook-app/src/stories/header.css": {"path":"/Users/macbookairm2/Desktop/frontend/my-storybook-app/src/stories/header.css","statementMap":{},"fnMap":{},"branchMap":{},"s":{},"f":{},"b":{},"meta":{"lastBranch":0,"lastFunction":0,"lastStatement":0,"seen":{}}}
,"/Users/macbookairm2/Desktop/frontend/my-storybook-app/src/stories/page.css": {"path":"/Users/macbookairm2/Desktop/frontend/my-storybook-app/src/stories/page.css","statementMap":{},"fnMap":{},"branchMap":{},"s":{},"f":{},"b":{},"meta":{"lastBranch":0,"lastFunction":0,"lastStatement":0,"seen":{}}}
,"/Users/macbookairm2/Desktop/frontend/my-storybook-app/src/stories/assets/accessibility.png": {"path":"/Users/macbookairm2/Desktop/frontend/my-storybook-app/src/stories/assets/accessibility.png","statementMap":{},"fnMap":{},"branchMap":{},"s":{},"f":{},"b":{},"meta":{"lastBranch":0,"lastFunction":0,"lastStatement":0,"seen":{}}}
,"/Users/macbookairm2/Desktop/frontend/my-storybook-app/src/stories/assets/accessibility.svg": {"path":"/Users/macbookairm2/Desktop/frontend/my-storybook-app/src/stories/assets/accessibility.svg","statementMap":{},"fnMap":{},"branchMap":{},"s":{},"f":{},"b":{},"meta":{"lastBranch":0,"lastFunction":0,"lastStatement":0,"seen":{}}}
,"/Users/macbookairm2/Desktop/frontend/my-storybook-app/src/stories/assets/addon-library.png": {"path":"/Users/macbookairm2/Desktop/frontend/my-storybook-app/src/stories/assets/addon-library.png","statementMap":{},"fnMap":{},"branchMap":{},"s":{},"f":{},"b":{},"meta":{"lastBranch":0,"lastFunction":0,"lastStatement":0,"seen":{}}}
,"/Users/macbookairm2/Desktop/frontend/my-storybook-app/src/stories/assets/assets.png": {"path":"/Users/macbookairm2/Desktop/frontend/my-storybook-app/src/stories/assets/assets.png","statementMap":{},"fnMap":{},"branchMap":{},"s":{},"f":{},"b":{},"meta":{"lastBranch":0,"lastFunction":0,"lastStatement":0,"seen":{}}}
,"/Users/macbookairm2/Desktop/frontend/my-storybook-app/src/stories/assets/avif-test-image.avif": {"path":"/Users/macbookairm2/Desktop/frontend/my-storybook-app/src/stories/assets/avif-test-image.avif","statementMap":{},"fnMap":{},"branchMap":{},"s":{},"f":{},"b":{},"meta":{"lastBranch":0,"lastFunction":0,"lastStatement":0,"seen":{}}}
,"/Users/macbookairm2/Desktop/frontend/my-storybook-app/src/stories/assets/context.png": {"path":"/Users/macbookairm2/Desktop/frontend/my-storybook-app/src/stories/assets/context.png","statementMap":{},"fnMap":{},"branchMap":{},"s":{},"f":{},"b":{},"meta":{"lastBranch":0,"lastFunction":0,"lastStatement":0,"seen":{}}}
,"/Users/macbookairm2/Desktop/frontend/my-storybook-app/src/stories/assets/discord.svg": {"path":"/Users/macbookairm2/Desktop/frontend/my-storybook-app/src/stories/assets/discord.svg","statementMap":{},"fnMap":{},"branchMap":{},"s":{},"f":{},"b":{},"meta":{"lastBranch":0,"lastFunction":0,"lastStatement":0,"seen":{}}}
,"/Users/macbookairm2/Desktop/frontend/my-storybook-app/src/stories/assets/docs.png": {"path":"/Users/macbookairm2/Desktop/frontend/my-storybook-app/src/stories/assets/docs.png","statementMap":{},"fnMap":{},"branchMap":{},"s":{},"f":{},"b":{},"meta":{"lastBranch":0,"lastFunction":0,"lastStatement":0,"seen":{}}}
,"/Users/macbookairm2/Desktop/frontend/my-storybook-app/src/stories/assets/figma-plugin.png": {"path":"/Users/macbookairm2/Desktop/frontend/my-storybook-app/src/stories/assets/figma-plugin.png","statementMap":{},"fnMap":{},"branchMap":{},"s":{},"f":{},"b":{},"meta":{"lastBranch":0,"lastFunction":0,"lastStatement":0,"seen":{}}}
,"/Users/macbookairm2/Desktop/frontend/my-storybook-app/src/stories/assets/github.svg": {"path":"/Users/macbookairm2/Desktop/frontend/my-storybook-app/src/stories/assets/github.svg","statementMap":{},"fnMap":{},"branchMap":{},"s":{},"f":{},"b":{},"meta":{"lastBranch":0,"lastFunction":0,"lastStatement":0,"seen":{}}}
,"/Users/macbookairm2/Desktop/frontend/my-storybook-app/src/stories/assets/share.png": {"path":"/Users/macbookairm2/Desktop/frontend/my-storybook-app/src/stories/assets/share.png","statementMap":{},"fnMap":{},"branchMap":{},"s":{},"f":{},"b":{},"meta":{"lastBranch":0,"lastFunction":0,"lastStatement":0,"seen":{}}}
,"/Users/macbookairm2/Desktop/frontend/my-storybook-app/src/stories/assets/styling.png": {"path":"/Users/macbookairm2/Desktop/frontend/my-storybook-app/src/stories/assets/styling.png","statementMap":{},"fnMap":{},"branchMap":{},"s":{},"f":{},"b":{},"meta":{"lastBranch":0,"lastFunction":0,"lastStatement":0,"seen":{}}}
,"/Users/macbookairm2/Desktop/frontend/my-storybook-app/src/stories/assets/testing.png": {"path":"/Users/macbookairm2/Desktop/frontend/my-storybook-app/src/stories/assets/testing.png","statementMap":{},"fnMap":{},"branchMap":{},"s":{},"f":{},"b":{},"meta":{"lastBranch":0,"lastFunction":0,"lastStatement":0,"seen":{}}}
,"/Users/macbookairm2/Desktop/frontend/my-storybook-app/src/stories/assets/theming.png": {"path":"/Users/macbookairm2/Desktop/frontend/my-storybook-app/src/stories/assets/theming.png","statementMap":{},"fnMap":{},"branchMap":{},"s":{},"f":{},"b":{},"meta":{"lastBranch":0,"lastFunction":0,"lastStatement":0,"seen":{}}}
,"/Users/macbookairm2/Desktop/frontend/my-storybook-app/src/stories/assets/tutorials.svg": {"path":"/Users/macbookairm2/Desktop/frontend/my-storybook-app/src/stories/assets/tutorials.svg","statementMap":{},"fnMap":{},"branchMap":{},"s":{},"f":{},"b":{},"meta":{"lastBranch":0,"lastFunction":0,"lastStatement":0,"seen":{}}}
,"/Users/macbookairm2/Desktop/frontend/my-storybook-app/src/stories/assets/youtube.svg": {"path":"/Users/macbookairm2/Desktop/frontend/my-storybook-app/src/stories/assets/youtube.svg","statementMap":{},"fnMap":{},"branchMap":{},"s":{},"f":{},"b":{},"meta":{"lastBranch":0,"lastFunction":0,"lastStatement":0,"seen":{}}}
}
